{"_type": "url", "url": "2hcRs3mbCyw", "ie_key": "Youtube", "id": "2hcRs3mbCyw", "title": "Alan Walker - On My Way (Lyrics) ft. Sabrina Carpenter & Farruko"}
{"_type": "url", "url": "GwF5KzrazXU", "ie_key": "Youtube", "id": "GwF5KzrazXU", "title": "Against The Current - Young & Relentless (Official Music Video)"}
{"_type": "url", "url": "kX4KQd210YM", "ie_key": "Youtube", "id": "kX4KQd210YM", "title": "Shockline - Say It All (Lyrics) feat. Malina Stark"}
{"_type": "url", "url": "SpDb9nVougY", "ie_key": "Youtube", "id": "SpDb9nVougY", "title": "Julia -Sou2 Tafahoum Clip- \u062c\u0648\u0644\u064a\u0627- \u0643\u0644\u064a\u0628 \u0633\u0648\u0621 \u062a\u0641\u0627\u0647\u0645"}
{"_type": "url", "url": "HwyheOVNuTc", "ie_key": "Youtube", "id": "HwyheOVNuTc", "title": "\u062c\u0648\u0644\u064a\u0627 \u0628\u0637\u0631\u0633 - \u0645\u062f\u0644\u064a \u0623\u063a\u0627\u0646\u064a \u0648\u0637\u0646\u064a\u0629 / \u0644\u0627\u064a\u0641 \u0628\u0644\u0627\u062a\u064a\u0627 2014 | Julia Boutros - Medly Platea"}
{"_type": "url", "url": "YQlZOA3CmW4", "ie_key": "Youtube", "id": "YQlZOA3CmW4", "title": "\u062c\u0648\u0644\u064a\u0627 \u0628\u0637\u0631\u0633 - \u062a\u0639\u0644\u0651\u0645 \u062a\u062e\u0633\u0631 (\u062c\u062f\u064a\u062f \u0662\u0660\u0661\u0666) / Julia - T3allam Tekhsar"}
{"_type": "url", "url": "ou-7AboPoXE", "ie_key": "Youtube", "id": "ou-7AboPoXE", "title": "\u06a4\u064a\u062f\u064a\u0648 \u0643\u0644\u064a\u0628 \u0646\u0627\u0633\u064a\u0646\u064a \u0644\u064a\u0647 - \u062a\u0627\u0645\u0631 \u062d\u0633\u0646\u064a / Naseny Leh - Music video 4K - Tamer Hosny"}
{"_type": "url", "url": "h41o8G74n2s", "ie_key": "Youtube", "id": "h41o8G74n2s", "title": "Ya Betfaker Ya Bet7es | \u064a\u0627 \u0628\u062a\u0641\u0643\u0631 \u064a\u0627 \u0628\u062a\u062d\u0633"}
{"_type": "url", "url": "y_Qsrt6c9_k", "ie_key": "Youtube", "id": "y_Qsrt6c9_k", "title": "Against The Current - The Fuss [OFFICIAL VIDEO]"}
{"_type": "url", "url": "oXFEMV919Pk", "ie_key": "Youtube", "id": "oXFEMV919Pk", "title": "Against The Current - Voices [OFFICIAL VIDEO]"}
{"_type": "url", "url": "JrAJ2_Z82aw", "ie_key": "Youtube", "id": "JrAJ2_Z82aw", "title": "Jasmine Thompson - some people [Official Video]"}
{"_type": "url", "url": "XpE4KirEbvk", "ie_key": "Youtube", "id": "XpE4KirEbvk", "title": "Abeer Nehme - Waynak"}
{"_type": "url", "url": "xJnHE84cVVw", "ie_key": "Youtube", "id": "xJnHE84cVVw", "title": "\u062c\u0648\u0644\u064a\u0627 \u0628\u0637\u0631\u0633 - \u0644\u0648 \u0633\u0644\u0645\u062a\u0643 \u0642\u0644\u0628\u064a / Julia Boutros - Law Salamtak Albi"}
{"_type": "url", "url": "_D2fK-HhTvo", "ie_key": "Youtube", "id": "_D2fK-HhTvo", "title": "\u062c\u0648\u0644\u064a\u0627 \u0628\u0637\u0631\u0633 - \u0639\u0627\u0628 \u0645\u062c\u062f\u0643 (\u0645\u0642\u0627\u0648\u0645\u0629) / \u0644\u0627\u064a\u0641 \u0641\u064a \u0628\u0644\u0627\u062a\u064a\u0627  | Julia Boutros - 3aba Majdaka Platea 2014"}
{"_type": "url", "url": "lz7uY9wXK5g", "ie_key": "Youtube", "id": "lz7uY9wXK5g", "title": "Rim Banna - The taste of love \u0631\u064a\u0645 \u0628\u0646\u0627 - \u0637\u0639\u0645 \u0627\u0644\u0647\u0648\u0649"}
{"_type": "url", "url": "uKjl-zgoGkc", "ie_key": "Youtube", "id": "uKjl-zgoGkc", "title": "Julia Live in Tyre 2018 \u2013Ghabet Shams El Haq| \u062d\u0641\u0644 \u0635\u0648\u0631 \u0662\u0660\u0661\u0668 \u2013 \u063a\u0627\u0628\u062a \u0634\u0645\u0633 \u0627\u0644\u062d\u0642"}
{"_type": "url", "url": "mJogffmUPGg", "ie_key": "Youtube", "id": "mJogffmUPGg", "title": "\u062c\u0648\u0644\u064a\u0627 \u062d\u0641\u0644 \u0635\u0648\u0631  \u0662\u0660\u0661\u0668 \u2013 \u0628\u062a\u0646\u0641\u0633 \u062d\u0631\u064a\u0629        Julia Live in Tyre 2018 \u2013 Bitnaffas Horriyi"}
{"_type": "url", "url": "ontU9cOg354", "ie_key": "Youtube", "id": "ontU9cOg354", "title": "Ti\u00ebsto, Jonas Blue & Rita Ora - Ritual (Official Video)"}
{"_type": "url", "url": "HRiejA5-3tU", "ie_key": "Youtube", "id": "HRiejA5-3tU", "title": "\u0639\u0644\u0649 \u0645\u0627 \u064a\u0628\u062f\u0648| \u062c\u0648\u0644\u064a\u0627 \u2013 \u0648\u0627\u062c\u0647\u0629 \u0636\u0628\u064a\u0629 \u0627\u0644\u0628\u062d\u0631\u064a\u0629 2016 /ala Ma Yabdou | Julia \u2013 Dbayeh Waterfront 2016"}
{"_type": "url", "url": "56RtX_sA_WY", "ie_key": "Youtube", "id": "56RtX_sA_WY", "title": "\u0645\u062d\u0645\u062f \u062d\u0645\u0627\u0642\u064a \u0648 \u062f\u0646\u064a\u0627 \u0633\u0645\u064a\u0631 \u063a\u0627\u0646\u0645 | \u0623\u0648\u0644 \u0645\u0631\u0647 - Donia Samir Ghanem Ft. Hamaki | Awel Marra"}
{"_type": "url", "url": "SP3iQWGKvKg", "ie_key": "Youtube", "id": "SP3iQWGKvKg", "title": "\u062f\u0646\u064a\u0627 \u0633\u0645\u064a\u0631 \u063a\u0627\u0646\u0645 \u062a\u063a\u0646\u064a \u0627\u063a\u0646\u064a\u0629 \"\u0635\u0628\u0627\u062d \u0627\u0644\u062e\u064a\u0631\" \u0644\u0644\u0623\u0637\u0641\u0627\u0644 \u0645\u0646 \u0639\u0627\u0644\u0645\u0647\u0627 \u0627\u0644\u0645\u0634\u0627\u0628\u0647 \u0644\u062f\u064a\u0632\u0646\u064a | Donia Samir Ghanem 2019"}
{"_type": "url", "url": "KEcq2Zgilz4", "ie_key": "Youtube", "id": "KEcq2Zgilz4", "title": "\u062f\u0646\u064a\u0627 \u0633\u0645\u064a\u0631 \u063a\u0627\u0646\u0645 \u0648 \u0628\u0648\u064a \u0628\u0627\u0646\u062f \u0648\u0639\u0644\u064a \u0631\u0628\u064a\u0639 \u0640 \u0645\u0646\u0638\u0631\u0647 | Donia Samir Ghanem Ft. Boyband & Ali Rabie"}
{"_type": "url", "url": "A1jVoMAGvoI", "ie_key": "Youtube", "id": "A1jVoMAGvoI", "title": "\u062f\u0646\u064a\u0627 \u0633\u0645\u064a\u0631 \u063a\u0627\u0646\u0645 \u062a\u0643\u0634\u0641 \u0637\u0631\u064a\u0642\u0629 \u0627\u0639\u062c\u0627\u0628 \u0627\u0644\u0628\u0646\u062a \u0628\u0627\u0644\u0631\u062c\u0644 \u0641\u064a \u0627\u063a\u0646\u064a\u0629 \"\u0627\u0632\u0627\u064a \u0627\u0644\u0628\u0646\u062a \u062a\u062d\u0628\u0643\" | Donia Samir Ghanem 2019"}
{"_type": "url", "url": "atfSslMR7bg", "ie_key": "Youtube", "id": "atfSslMR7bg", "title": "Assala - Kefaya Kelma [Lyrics Video] \u0623\u0635\u0627\u0644\u0629 - \u0643\u0641\u0627\u064a\u0629 \u0643\u0644\u0645\u0629"}
{"_type": "url", "url": "sLQNP1FrYUk", "ie_key": "Youtube", "id": "sLQNP1FrYUk", "title": "Assala - Soaal Basit  | \u0622\u0635\u0627\u0644\u0629 - \u0633\u0624\u0627\u0644 \u0628\u0633\u064a\u0637  [LYRICS]"}
{"_type": "url", "url": "H1MXnlHkgNY", "ie_key": "Youtube", "id": "H1MXnlHkgNY", "title": "\u0623\u0635\u0627\u0644\u0629 - \u0646\u0643\u062a\u0629 \u0628\u0627\u064a\u062e\u0629 | [Assala - Nokta Baykha [LYRICS VIDEO"}
{"_type": "url", "url": "7HxJ-0qgXpQ", "ie_key": "Youtube", "id": "7HxJ-0qgXpQ", "title": "Rim Banna - The sun of love \u0631\u064a\u0645 \u0628\u0646\u0651\u0627 \u0634\u0645\u0633 \u0627\u0644\u0647\u0648\u0649"}
{"_type": "url", "url": "sjJQyhSWJLg", "ie_key": "Youtube", "id": "sjJQyhSWJLg", "title": "Bukra Shi Nhar - Julia Boutros | \u0628\u0643\u0631\u0627 \u0634\u064a \u0646\u0647\u0627\u0631 - \u062c\u0648\u0644\u064a\u0627 \u0628\u0637\u0631\u0633"}
{"_type": "url", "url": "9SRxBTtspYM", "ie_key": "Youtube", "id": "9SRxBTtspYM", "title": "Ariana Grande, Social House - boyfriend"}
{"_type": "url", "url": "Q7TADu5MKlw", "ie_key": "Youtube", "id": "Q7TADu5MKlw", "title": "X X X TENTACION: Mmm, baby I don't understand"}
{"_type": "url", "url": "EeyPmIssreo", "ie_key": "Youtube", "id": "EeyPmIssreo", "title": "ARCADE 2019: ULTRACOMBO | Login Screen - League of Legends"}
{"_type": "url", "url": "dsudm8rnufU", "ie_key": "Youtube", "id": "dsudm8rnufU", "title": "\u0631\u0641\u0642\u0627 \u0641\u0627\u0631\u0633 \u063a\u0646\u062a \u0643\u0645\u0627 \u0644\u0645 \u062a\u063a\u0646\u064a \u0641\u064a\u0631\u0648\u0632   \u062c\u0627\u064a\u0628 \u0644\u064a \u0633\u0644\u0627\u0645"}
{"_type": "url", "url": "0s7pKFWLgWk", "ie_key": "Youtube", "id": "0s7pKFWLgWk", "title": "Ti\u00ebsto, Jonas Blue, Rita Ora - Ritual (Official Audio)"}
{"_type": "url", "url": "_ZVwhN0agSw", "ie_key": "Youtube", "id": "_ZVwhN0agSw", "title": "Paranoia-1-Khalas Hasaytar-\u062e\u0644\u0627\u0635 \u0647\u0633\u064a\u0637\u0631"}
{"_type": "url", "url": "tMe0vwZ13fw", "ie_key": "Youtube", "id": "tMe0vwZ13fw", "title": "Sharmoofers - Moftaqed El Habiba  | \u0634\u0627\u0631\u0645\u0648\u0641\u0631\u0632 - \u0645\u0641\u062a\u0642\u062f \u0627\u0644\u062d\u0628\u064a\u0628\u0629"}
{"_type": "url", "url": "QpbQ4I3Eidg", "ie_key": "Youtube", "id": "QpbQ4I3Eidg", "title": "Machine Gun Kelly, Camila Cabello - Bad Things"}
{"_type": "url", "url": "UWLr2va3hu0", "ie_key": "Youtube", "id": "UWLr2va3hu0", "title": "Pitbull & J Balvin - Hey Ma ft Camila Cabello (Spanish Version | The Fate of the Furious: The Album)"}
{"_type": "url", "url": "BQ0mxQXmLsk", "ie_key": "Youtube", "id": "BQ0mxQXmLsk", "title": "Camila Cabello - Havana (Official Music VIdeo) ft. Young Thug"}
{"_type": "url", "url": "2XA-OtoqXxQ", "ie_key": "Youtube", "id": "2XA-OtoqXxQ", "title": "Charlotte Lawrence - Why Do You Love Me"}
{"_type": "url", "url": "YOb4VUgRqo0", "ie_key": "Youtube", "id": "YOb4VUgRqo0", "title": "Sam Hunt - Break Up In A Small Town"}
{"_type": "url", "url": "0wWPlgFUblM", "ie_key": "Youtube", "id": "0wWPlgFUblM", "title": "Bebe Rexha - (Not) The One [Audio]"}
{"_type": "url", "url": "lHxZlnj6yKQ", "ie_key": "Youtube", "id": "lHxZlnj6yKQ", "title": "Bebe Rexha - 2 Souls on Fire (feat. Quavo) [Official Lyric Video]"}
{"_type": "url", "url": "TaNxZsWOs88", "ie_key": "Youtube", "id": "TaNxZsWOs88", "title": "Bebe Rexha - Last Hurrah (Official Lyrics Video)"}
{"_type": "url", "url": "fTNnwzXrVdg", "ie_key": "Youtube", "id": "fTNnwzXrVdg", "title": "Bebe Rexha - Last Hurrah (Official Music Video)"}
{"_type": "url", "url": "glOi7cHgoCg", "ie_key": "Youtube", "id": "glOi7cHgoCg", "title": "\u0631\u0641\u0642\u0627 \u0641\u0627\u0631\u0633 \u0648 \u062c\u064a\u0644\u0628\u064a\u0631 \u0627\u0644\u0631\u062d\u0628\u0627\u0646\u064a ( \u0637\u064a\u0631\u064a \u064a\u0627 \u0637\u064a\u0627\u0631\u0629 \u2013  \u064a\u0627 \u0645\u0631\u0633\u0627\u0644 \u0627\u0644\u0645\u0631\u0627\u0633\u064a\u0644 )"}
{"_type": "url", "url": "rU2vfIzPbu4", "ie_key": "Youtube", "id": "rU2vfIzPbu4", "title": "\u0628\u0643\u0631\u0647 \u062a\u0632\u064a\u062f \u0641\u0631\u062d\u062a\u0646\u0627 \u0646\u0627\u0646\u0633\u064a \u0639\u062c\u0631\u0645  \u0623\u062c\u0645\u0644 \u0646\u0627\u0633 Bokra Tzeed Farhetna Nancy Ajram Remix by Nicolas Antar"}
{"_type": "url", "url": "CMWlkmU_LqY", "ie_key": "Youtube", "id": "CMWlkmU_LqY", "title": "Stefflon Don, Lil Baby - Phone Down (Extended Cut)"}
{"_type": "url", "url": "feZ9A0IORVM", "ie_key": "Youtube", "id": "feZ9A0IORVM", "title": "Carlie Hanson - WYA [Tour Edit]"}
{"_type": "url", "url": "JfGD75vHWrU", "ie_key": "Youtube", "id": "JfGD75vHWrU", "title": "Ella Mai - Trip (Audio)"}
{"_type": "url", "url": "VQhIUzPJi8o", "ie_key": "Youtube", "id": "VQhIUzPJi8o", "title": "Camila Cabello - Never Be The Same"}
{"_type": "url", "url": "Q6lXBSdup5Q", "ie_key": "Youtube", "id": "Q6lXBSdup5Q", "title": "Rita Ora - New Look [Official Video]"}
{"_type": "url", "url": "Pkh8UtuejGw", "ie_key": "Youtube", "id": "Pkh8UtuejGw", "title": "Shawn Mendes, Camila Cabello - Se\u00f1orita"}
{"_type": "url", "url": "Vf78alvpxRM", "ie_key": "Youtube", "id": "Vf78alvpxRM", "title": "Carly Rae Jepsen - This Kiss"}
{"_type": "url", "url": "cBOE1aUNZVo", "ie_key": "Youtube", "id": "cBOE1aUNZVo", "title": "Carly Rae Jepsen - Tonight I'm Getting Over You"}
{"_type": "url", "url": "fWNaR-rxAic", "ie_key": "Youtube", "id": "fWNaR-rxAic", "title": "Carly Rae Jepsen - Call Me Maybe"}
{"_type": "url", "url": "IgbY2JvHoLw", "ie_key": "Youtube", "id": "IgbY2JvHoLw", "title": "Little Mix - Little Mix VS Dirty Trix - Bounce Back (Pride Version)"}
{"_type": "url", "url": "UkaEtdyRIH0", "ie_key": "Youtube", "id": "UkaEtdyRIH0", "title": "The Chainsmokers x Don Diablo x Bebe Rexha - Live Without You (Trademark Mashup) [Music Video]"}
{"_type": "url", "url": "0zTMBhxJj3M", "ie_key": "Youtube", "id": "0zTMBhxJj3M", "title": "Stafford Brothers - Live Forever (ft. Lil Yachty & Lexy Panterra)"}
{"_type": "url", "url": "bbNn-SvrWo0", "ie_key": "Youtube", "id": "bbNn-SvrWo0", "title": "Sabrina Carpenter - I'm Fakin (Audio Only)"}
{"_type": "url", "url": "99l26fESuxo", "ie_key": "Youtube", "id": "99l26fESuxo", "title": "Jax Jones, Bebe Rexha - Harder (Visualiser)"}
{"_type": "url", "url": "2pnXjQCegVc", "ie_key": "Youtube", "id": "2pnXjQCegVc", "title": "Billie Eilish - bad guy (with Justin Bieber) [Audio]"}
{"_type": "url", "url": "loMt6c1SIps", "ie_key": "Youtube", "id": "loMt6c1SIps", "title": "Astrid S - Someone New"}
{"_type": "url", "url": "mj0XInqZMHY", "ie_key": "Youtube", "id": "mj0XInqZMHY", "title": "Ed Sheeran - Beautiful People (feat. Khalid) [Official Video]"}
{"_type": "url", "url": "kILfB9lcMNE", "ie_key": "Youtube", "id": "kILfB9lcMNE", "title": "Zhavia - 17 (Official Video)"}
{"_type": "url", "url": "bwB9EMpW8eY", "ie_key": "Youtube", "id": "bwB9EMpW8eY", "title": "Rachel Platten - Stand By You (Official Music Video)"}
{"_type": "url", "url": "CfkxLRuSteI", "ie_key": "Youtube", "id": "CfkxLRuSteI", "title": "Ed Sheeran & Travis Scott - Antisocial [Official Video]"}
